Started GET "/" for 150.161.2.202 at 2018-10-31 21:30:54 +0000
Cannot render console from 150.161.2.202! Allowed networks: 127.0.0.1, ::1, 127.0.0.0/127.255.255.255
  
PG::ConnectionBad (could not connect to server: Connection refused
	Is the server running on host "localhost" (127.0.0.1) and accepting
	TCP/IP connections on port 5432?
):
  
pg (1.1.3) lib/pg.rb:56:in `initialize'
pg (1.1.3) lib/pg.rb:56:in `new'
pg (1.1.3) lib/pg.rb:56:in `connect'
/usr/local/rvm/rubies/ruby-2.4.1/lib/ruby/gems/2.4.0/gems/activerecord-5.2.1/lib/active_record/connection_adapters/postgresql_adapter.rb:684:in `connect'
/usr/local/rvm/rubies/ruby-2.4.1/lib/ruby/gems/2.4.0/gems/activerecord-5.2.1/lib/active_record/connection_adapters/postgresql_adapter.rb:215:in `initialize'
/usr/local/rvm/rubies/ruby-2.4.1/lib/ruby/gems/2.4.0/gems/activerecord-5.2.1/lib/active_record/connection_adapters/postgresql_adapter.rb:40:in `new'
/usr/local/rvm/rubies/ruby-2.4.1/lib/ruby/gems/2.4.0/gems/activerecord-5.2.1/lib/active_record/connection_adapters/postgresql_adapter.rb:40:in `postgresql_connection'
/usr/local/rvm/rubies/ruby-2.4.1/lib/ruby/gems/2.4.0/gems/activerecord-5.2.1/lib/active_record/connection_adapters/abstract/connection_pool.rb:809:in `new_connection'
/usr/local/rvm/rubies/ruby-2.4.1/lib/ruby/gems/2.4.0/gems/activerecord-5.2.1/lib/active_record/connection_adapters/abstract/connection_pool.rb:853:in `checkout_new_connection'
/usr/local/rvm/rubies/ruby-2.4.1/lib/ruby/gems/2.4.0/gems/activerecord-5.2.1/lib/active_record/connection_adapters/abstract/connection_pool.rb:832:in `try_to_checkout_new_connection'
/usr/local/rvm/rubies/ruby-2.4.1/lib/ruby/gems/2.4.0/gems/activerecord-5.2.1/lib/active_record/connection_adapters/abstract/connection_pool.rb:793:in `acquire_connection'
/usr/local/rvm/rubies/ruby-2.4.1/lib/ruby/gems/2.4.0/gems/activerecord-5.2.1/lib/active_record/connection_adapters/abstract/connection_pool.rb:521:in `checkout'
/usr/local/rvm/rubies/ruby-2.4.1/lib/ruby/gems/2.4.0/gems/activerecord-5.2.1/lib/active_record/connection_adapters/abstract/connection_pool.rb:380:in `connection'
/usr/local/rvm/rubies/ruby-2.4.1/lib/ruby/gems/2.4.0/gems/activerecord-5.2.1/lib/active_record/connection_adapters/abstract/connection_pool.rb:1008:in `retrieve_connection'
/usr/local/rvm/rubies/ruby-2.4.1/lib/ruby/gems/2.4.0/gems/activerecord-5.2.1/lib/active_record/connection_handling.rb:118:in `retrieve_connection'
/usr/local/rvm/rubies/ruby-2.4.1/lib/ruby/gems/2.4.0/gems/activerecord-5.2.1/lib/active_record/connection_handling.rb:90:in `connection'
/usr/local/rvm/rubies/ruby-2.4.1/lib/ruby/gems/2.4.0/gems/activerecord-5.2.1/lib/active_record/migration.rb:554:in `call'
/usr/local/rvm/rubies/ruby-2.4.1/lib/ruby/gems/2.4.0/gems/actionpack-5.2.1/lib/action_dispatch/middleware/callbacks.rb:28:in `block in call'
/usr/local/rvm/rubies/ruby-2.4.1/lib/ruby/gems/2.4.0/gems/activesupport-5.2.1/lib/active_support/callbacks.rb:98:in `run_callbacks'
/usr/local/rvm/rubies/ruby-2.4.1/lib/ruby/gems/2.4.0/gems/actionpack-5.2.1/lib/action_dispatch/middleware/callbacks.rb:26:in `call'
/usr/local/rvm/rubies/ruby-2.4.1/lib/ruby/gems/2.4.0/gems/actionpack-5.2.1/lib/action_dispatch/middleware/executor.rb:14:in `call'
/usr/local/rvm/rubies/ruby-2.4.1/lib/ruby/gems/2.4.0/gems/actionpack-5.2.1/lib/action_dispatch/middleware/debug_exceptions.rb:61:in `call'
web-console (3.7.0) lib/web_console/middleware.rb:135:in `call_app'
web-console (3.7.0) lib/web_console/middleware.rb:22:in `block in call'
web-console (3.7.0) lib/web_console/middleware.rb:20:in `catch'
web-console (3.7.0) lib/web_console/middleware.rb:20:in `call'
/usr/local/rvm/rubies/ruby-2.4.1/lib/ruby/gems/2.4.0/gems/actionpack-5.2.1/lib/action_dispatch/middleware/show_exceptions.rb:33:in `call'
/usr/local/rvm/rubies/ruby-2.4.1/lib/ruby/gems/2.4.0/gems/railties-5.2.1/lib/rails/rack/logger.rb:38:in `call_app'
/usr/local/rvm/rubies/ruby-2.4.1/lib/ruby/gems/2.4.0/gems/railties-5.2.1/lib/rails/rack/logger.rb:26:in `block in call'
/usr/local/rvm/rubies/ruby-2.4.1/lib/ruby/gems/2.4.0/gems/activesupport-5.2.1/lib/active_support/tagged_logging.rb:71:in `block in tagged'
/usr/local/rvm/rubies/ruby-2.4.1/lib/ruby/gems/2.4.0/gems/activesupport-5.2.1/lib/active_support/tagged_logging.rb:28:in `tagged'
/usr/local/rvm/rubies/ruby-2.4.1/lib/ruby/gems/2.4.0/gems/activesupport-5.2.1/lib/active_support/tagged_logging.rb:71:in `tagged'
/usr/local/rvm/rubies/ruby-2.4.1/lib/ruby/gems/2.4.0/gems/railties-5.2.1/lib/rails/rack/logger.rb:26:in `call'
/usr/local/rvm/rubies/ruby-2.4.1/lib/ruby/gems/2.4.0/gems/sprockets-rails-3.2.1/lib/sprockets/rails/quiet_assets.rb:13:in `call'
/usr/local/rvm/rubies/ruby-2.4.1/lib/ruby/gems/2.4.0/gems/actionpack-5.2.1/lib/action_dispatch/middleware/remote_ip.rb:81:in `call'
/usr/local/rvm/rubies/ruby-2.4.1/lib/ruby/gems/2.4.0/gems/actionpack-5.2.1/lib/action_dispatch/middleware/request_id.rb:27:in `call'
/usr/local/rvm/rubies/ruby-2.4.1/lib/ruby/gems/2.4.0/gems/rack-2.0.5/lib/rack/method_override.rb:22:in `call'
/usr/local/rvm/rubies/ruby-2.4.1/lib/ruby/gems/2.4.0/gems/rack-2.0.5/lib/rack/runtime.rb:22:in `call'
/usr/local/rvm/rubies/ruby-2.4.1/lib/ruby/gems/2.4.0/gems/activesupport-5.2.1/lib/active_support/cache/strategy/local_cache_middleware.rb:29:in `call'
/usr/local/rvm/rubies/ruby-2.4.1/lib/ruby/gems/2.4.0/gems/actionpack-5.2.1/lib/action_dispatch/middleware/executor.rb:14:in `call'
/usr/local/rvm/rubies/ruby-2.4.1/lib/ruby/gems/2.4.0/gems/actionpack-5.2.1/lib/action_dispatch/middleware/static.rb:127:in `call'
/usr/local/rvm/rubies/ruby-2.4.1/lib/ruby/gems/2.4.0/gems/rack-2.0.5/lib/rack/sendfile.rb:111:in `call'
/usr/local/rvm/rubies/ruby-2.4.1/lib/ruby/gems/2.4.0/gems/railties-5.2.1/lib/rails/engine.rb:524:in `call'
puma (3.12.0) lib/puma/configuration.rb:225:in `call'
puma (3.12.0) lib/puma/server.rb:658:in `handle_request'
puma (3.12.0) lib/puma/server.rb:472:in `process_client'
puma (3.12.0) lib/puma/server.rb:332:in `block in run'
puma (3.12.0) lib/puma/thread_pool.rb:133:in `block in spawn_thread'
Started GET "/" for 150.161.2.202 at 2018-10-31 22:15:22 +0000
Cannot render console from 150.161.2.202! Allowed networks: 127.0.0.1, ::1, 127.0.0.0/127.255.255.255
  
PG::ConnectionBad (could not connect to server: Connection refused
	Is the server running on host "localhost" (127.0.0.1) and accepting
	TCP/IP connections on port 5432?
):
  
pg (1.1.3) lib/pg.rb:56:in `initialize'
pg (1.1.3) lib/pg.rb:56:in `new'
pg (1.1.3) lib/pg.rb:56:in `connect'
/usr/local/rvm/rubies/ruby-2.4.1/lib/ruby/gems/2.4.0/gems/activerecord-5.2.1/lib/active_record/connection_adapters/postgresql_adapter.rb:684:in `connect'
/usr/local/rvm/rubies/ruby-2.4.1/lib/ruby/gems/2.4.0/gems/activerecord-5.2.1/lib/active_record/connection_adapters/postgresql_adapter.rb:215:in `initialize'
/usr/local/rvm/rubies/ruby-2.4.1/lib/ruby/gems/2.4.0/gems/activerecord-5.2.1/lib/active_record/connection_adapters/postgresql_adapter.rb:40:in `new'
/usr/local/rvm/rubies/ruby-2.4.1/lib/ruby/gems/2.4.0/gems/activerecord-5.2.1/lib/active_record/connection_adapters/postgresql_adapter.rb:40:in `postgresql_connection'
/usr/local/rvm/rubies/ruby-2.4.1/lib/ruby/gems/2.4.0/gems/activerecord-5.2.1/lib/active_record/connection_adapters/abstract/connection_pool.rb:809:in `new_connection'
/usr/local/rvm/rubies/ruby-2.4.1/lib/ruby/gems/2.4.0/gems/activerecord-5.2.1/lib/active_record/connection_adapters/abstract/connection_pool.rb:853:in `checkout_new_connection'
/usr/local/rvm/rubies/ruby-2.4.1/lib/ruby/gems/2.4.0/gems/activerecord-5.2.1/lib/active_record/connection_adapters/abstract/connection_pool.rb:832:in `try_to_checkout_new_connection'
/usr/local/rvm/rubies/ruby-2.4.1/lib/ruby/gems/2.4.0/gems/activerecord-5.2.1/lib/active_record/connection_adapters/abstract/connection_pool.rb:793:in `acquire_connection'
/usr/local/rvm/rubies/ruby-2.4.1/lib/ruby/gems/2.4.0/gems/activerecord-5.2.1/lib/active_record/connection_adapters/abstract/connection_pool.rb:521:in `checkout'
/usr/local/rvm/rubies/ruby-2.4.1/lib/ruby/gems/2.4.0/gems/activerecord-5.2.1/lib/active_record/connection_adapters/abstract/connection_pool.rb:380:in `connection'
/usr/local/rvm/rubies/ruby-2.4.1/lib/ruby/gems/2.4.0/gems/activerecord-5.2.1/lib/active_record/connection_adapters/abstract/connection_pool.rb:1008:in `retrieve_connection'
/usr/local/rvm/rubies/ruby-2.4.1/lib/ruby/gems/2.4.0/gems/activerecord-5.2.1/lib/active_record/connection_handling.rb:118:in `retrieve_connection'
/usr/local/rvm/rubies/ruby-2.4.1/lib/ruby/gems/2.4.0/gems/activerecord-5.2.1/lib/active_record/connection_handling.rb:90:in `connection'
/usr/local/rvm/rubies/ruby-2.4.1/lib/ruby/gems/2.4.0/gems/activerecord-5.2.1/lib/active_record/migration.rb:554:in `call'
/usr/local/rvm/rubies/ruby-2.4.1/lib/ruby/gems/2.4.0/gems/actionpack-5.2.1/lib/action_dispatch/middleware/callbacks.rb:28:in `block in call'
/usr/local/rvm/rubies/ruby-2.4.1/lib/ruby/gems/2.4.0/gems/activesupport-5.2.1/lib/active_support/callbacks.rb:98:in `run_callbacks'
/usr/local/rvm/rubies/ruby-2.4.1/lib/ruby/gems/2.4.0/gems/actionpack-5.2.1/lib/action_dispatch/middleware/callbacks.rb:26:in `call'
/usr/local/rvm/rubies/ruby-2.4.1/lib/ruby/gems/2.4.0/gems/actionpack-5.2.1/lib/action_dispatch/middleware/executor.rb:14:in `call'
/usr/local/rvm/rubies/ruby-2.4.1/lib/ruby/gems/2.4.0/gems/actionpack-5.2.1/lib/action_dispatch/middleware/debug_exceptions.rb:61:in `call'
web-console (3.7.0) lib/web_console/middleware.rb:135:in `call_app'
web-console (3.7.0) lib/web_console/middleware.rb:22:in `block in call'
web-console (3.7.0) lib/web_console/middleware.rb:20:in `catch'
web-console (3.7.0) lib/web_console/middleware.rb:20:in `call'
/usr/local/rvm/rubies/ruby-2.4.1/lib/ruby/gems/2.4.0/gems/actionpack-5.2.1/lib/action_dispatch/middleware/show_exceptions.rb:33:in `call'
/usr/local/rvm/rubies/ruby-2.4.1/lib/ruby/gems/2.4.0/gems/railties-5.2.1/lib/rails/rack/logger.rb:38:in `call_app'
/usr/local/rvm/rubies/ruby-2.4.1/lib/ruby/gems/2.4.0/gems/railties-5.2.1/lib/rails/rack/logger.rb:26:in `block in call'
/usr/local/rvm/rubies/ruby-2.4.1/lib/ruby/gems/2.4.0/gems/activesupport-5.2.1/lib/active_support/tagged_logging.rb:71:in `block in tagged'
/usr/local/rvm/rubies/ruby-2.4.1/lib/ruby/gems/2.4.0/gems/activesupport-5.2.1/lib/active_support/tagged_logging.rb:28:in `tagged'
/usr/local/rvm/rubies/ruby-2.4.1/lib/ruby/gems/2.4.0/gems/activesupport-5.2.1/lib/active_support/tagged_logging.rb:71:in `tagged'
/usr/local/rvm/rubies/ruby-2.4.1/lib/ruby/gems/2.4.0/gems/railties-5.2.1/lib/rails/rack/logger.rb:26:in `call'
/usr/local/rvm/rubies/ruby-2.4.1/lib/ruby/gems/2.4.0/gems/sprockets-rails-3.2.1/lib/sprockets/rails/quiet_assets.rb:13:in `call'
/usr/local/rvm/rubies/ruby-2.4.1/lib/ruby/gems/2.4.0/gems/actionpack-5.2.1/lib/action_dispatch/middleware/remote_ip.rb:81:in `call'
/usr/local/rvm/rubies/ruby-2.4.1/lib/ruby/gems/2.4.0/gems/actionpack-5.2.1/lib/action_dispatch/middleware/request_id.rb:27:in `call'
/usr/local/rvm/rubies/ruby-2.4.1/lib/ruby/gems/2.4.0/gems/rack-2.0.5/lib/rack/method_override.rb:22:in `call'
/usr/local/rvm/rubies/ruby-2.4.1/lib/ruby/gems/2.4.0/gems/rack-2.0.5/lib/rack/runtime.rb:22:in `call'
/usr/local/rvm/rubies/ruby-2.4.1/lib/ruby/gems/2.4.0/gems/activesupport-5.2.1/lib/active_support/cache/strategy/local_cache_middleware.rb:29:in `call'
/usr/local/rvm/rubies/ruby-2.4.1/lib/ruby/gems/2.4.0/gems/actionpack-5.2.1/lib/action_dispatch/middleware/executor.rb:14:in `call'
/usr/local/rvm/rubies/ruby-2.4.1/lib/ruby/gems/2.4.0/gems/actionpack-5.2.1/lib/action_dispatch/middleware/static.rb:127:in `call'
/usr/local/rvm/rubies/ruby-2.4.1/lib/ruby/gems/2.4.0/gems/rack-2.0.5/lib/rack/sendfile.rb:111:in `call'
/usr/local/rvm/rubies/ruby-2.4.1/lib/ruby/gems/2.4.0/gems/railties-5.2.1/lib/rails/engine.rb:524:in `call'
puma (3.12.0) lib/puma/configuration.rb:225:in `call'
puma (3.12.0) lib/puma/server.rb:658:in `handle_request'
puma (3.12.0) lib/puma/server.rb:472:in `process_client'
puma (3.12.0) lib/puma/server.rb:332:in `block in run'
puma (3.12.0) lib/puma/thread_pool.rb:133:in `block in spawn_thread'
Started GET "/" for 150.161.2.202 at 2018-10-31 22:17:02 +0000
Cannot render console from 150.161.2.202! Allowed networks: 127.0.0.1, ::1, 127.0.0.0/127.255.255.255
  
PG::ConnectionBad (FATAL:  Ident authentication failed for user "ubuntu"
):
  
pg (1.1.3) lib/pg.rb:56:in `initialize'
pg (1.1.3) lib/pg.rb:56:in `new'
pg (1.1.3) lib/pg.rb:56:in `connect'
/usr/local/rvm/rubies/ruby-2.4.1/lib/ruby/gems/2.4.0/gems/activerecord-5.2.1/lib/active_record/connection_adapters/postgresql_adapter.rb:684:in `connect'
/usr/local/rvm/rubies/ruby-2.4.1/lib/ruby/gems/2.4.0/gems/activerecord-5.2.1/lib/active_record/connection_adapters/postgresql_adapter.rb:215:in `initialize'
/usr/local/rvm/rubies/ruby-2.4.1/lib/ruby/gems/2.4.0/gems/activerecord-5.2.1/lib/active_record/connection_adapters/postgresql_adapter.rb:40:in `new'
/usr/local/rvm/rubies/ruby-2.4.1/lib/ruby/gems/2.4.0/gems/activerecord-5.2.1/lib/active_record/connection_adapters/postgresql_adapter.rb:40:in `postgresql_connection'
/usr/local/rvm/rubies/ruby-2.4.1/lib/ruby/gems/2.4.0/gems/activerecord-5.2.1/lib/active_record/connection_adapters/abstract/connection_pool.rb:809:in `new_connection'
/usr/local/rvm/rubies/ruby-2.4.1/lib/ruby/gems/2.4.0/gems/activerecord-5.2.1/lib/active_record/connection_adapters/abstract/connection_pool.rb:853:in `checkout_new_connection'
/usr/local/rvm/rubies/ruby-2.4.1/lib/ruby/gems/2.4.0/gems/activerecord-5.2.1/lib/active_record/connection_adapters/abstract/connection_pool.rb:832:in `try_to_checkout_new_connection'
/usr/local/rvm/rubies/ruby-2.4.1/lib/ruby/gems/2.4.0/gems/activerecord-5.2.1/lib/active_record/connection_adapters/abstract/connection_pool.rb:793:in `acquire_connection'
/usr/local/rvm/rubies/ruby-2.4.1/lib/ruby/gems/2.4.0/gems/activerecord-5.2.1/lib/active_record/connection_adapters/abstract/connection_pool.rb:521:in `checkout'
/usr/local/rvm/rubies/ruby-2.4.1/lib/ruby/gems/2.4.0/gems/activerecord-5.2.1/lib/active_record/connection_adapters/abstract/connection_pool.rb:380:in `connection'
/usr/local/rvm/rubies/ruby-2.4.1/lib/ruby/gems/2.4.0/gems/activerecord-5.2.1/lib/active_record/connection_adapters/abstract/connection_pool.rb:1008:in `retrieve_connection'
/usr/local/rvm/rubies/ruby-2.4.1/lib/ruby/gems/2.4.0/gems/activerecord-5.2.1/lib/active_record/connection_handling.rb:118:in `retrieve_connection'
/usr/local/rvm/rubies/ruby-2.4.1/lib/ruby/gems/2.4.0/gems/activerecord-5.2.1/lib/active_record/connection_handling.rb:90:in `connection'
/usr/local/rvm/rubies/ruby-2.4.1/lib/ruby/gems/2.4.0/gems/activerecord-5.2.1/lib/active_record/migration.rb:554:in `call'
/usr/local/rvm/rubies/ruby-2.4.1/lib/ruby/gems/2.4.0/gems/actionpack-5.2.1/lib/action_dispatch/middleware/callbacks.rb:28:in `block in call'
/usr/local/rvm/rubies/ruby-2.4.1/lib/ruby/gems/2.4.0/gems/activesupport-5.2.1/lib/active_support/callbacks.rb:98:in `run_callbacks'
/usr/local/rvm/rubies/ruby-2.4.1/lib/ruby/gems/2.4.0/gems/actionpack-5.2.1/lib/action_dispatch/middleware/callbacks.rb:26:in `call'
/usr/local/rvm/rubies/ruby-2.4.1/lib/ruby/gems/2.4.0/gems/actionpack-5.2.1/lib/action_dispatch/middleware/executor.rb:14:in `call'
/usr/local/rvm/rubies/ruby-2.4.1/lib/ruby/gems/2.4.0/gems/actionpack-5.2.1/lib/action_dispatch/middleware/debug_exceptions.rb:61:in `call'
web-console (3.7.0) lib/web_console/middleware.rb:135:in `call_app'
web-console (3.7.0) lib/web_console/middleware.rb:22:in `block in call'
web-console (3.7.0) lib/web_console/middleware.rb:20:in `catch'
web-console (3.7.0) lib/web_console/middleware.rb:20:in `call'
/usr/local/rvm/rubies/ruby-2.4.1/lib/ruby/gems/2.4.0/gems/actionpack-5.2.1/lib/action_dispatch/middleware/show_exceptions.rb:33:in `call'
/usr/local/rvm/rubies/ruby-2.4.1/lib/ruby/gems/2.4.0/gems/railties-5.2.1/lib/rails/rack/logger.rb:38:in `call_app'
/usr/local/rvm/rubies/ruby-2.4.1/lib/ruby/gems/2.4.0/gems/railties-5.2.1/lib/rails/rack/logger.rb:26:in `block in call'
/usr/local/rvm/rubies/ruby-2.4.1/lib/ruby/gems/2.4.0/gems/activesupport-5.2.1/lib/active_support/tagged_logging.rb:71:in `block in tagged'
/usr/local/rvm/rubies/ruby-2.4.1/lib/ruby/gems/2.4.0/gems/activesupport-5.2.1/lib/active_support/tagged_logging.rb:28:in `tagged'
/usr/local/rvm/rubies/ruby-2.4.1/lib/ruby/gems/2.4.0/gems/activesupport-5.2.1/lib/active_support/tagged_logging.rb:71:in `tagged'
/usr/local/rvm/rubies/ruby-2.4.1/lib/ruby/gems/2.4.0/gems/railties-5.2.1/lib/rails/rack/logger.rb:26:in `call'
/usr/local/rvm/rubies/ruby-2.4.1/lib/ruby/gems/2.4.0/gems/sprockets-rails-3.2.1/lib/sprockets/rails/quiet_assets.rb:13:in `call'
/usr/local/rvm/rubies/ruby-2.4.1/lib/ruby/gems/2.4.0/gems/actionpack-5.2.1/lib/action_dispatch/middleware/remote_ip.rb:81:in `call'
/usr/local/rvm/rubies/ruby-2.4.1/lib/ruby/gems/2.4.0/gems/actionpack-5.2.1/lib/action_dispatch/middleware/request_id.rb:27:in `call'
/usr/local/rvm/rubies/ruby-2.4.1/lib/ruby/gems/2.4.0/gems/rack-2.0.5/lib/rack/method_override.rb:22:in `call'
/usr/local/rvm/rubies/ruby-2.4.1/lib/ruby/gems/2.4.0/gems/rack-2.0.5/lib/rack/runtime.rb:22:in `call'
/usr/local/rvm/rubies/ruby-2.4.1/lib/ruby/gems/2.4.0/gems/activesupport-5.2.1/lib/active_support/cache/strategy/local_cache_middleware.rb:29:in `call'
/usr/local/rvm/rubies/ruby-2.4.1/lib/ruby/gems/2.4.0/gems/actionpack-5.2.1/lib/action_dispatch/middleware/executor.rb:14:in `call'
/usr/local/rvm/rubies/ruby-2.4.1/lib/ruby/gems/2.4.0/gems/actionpack-5.2.1/lib/action_dispatch/middleware/static.rb:127:in `call'
/usr/local/rvm/rubies/ruby-2.4.1/lib/ruby/gems/2.4.0/gems/rack-2.0.5/lib/rack/sendfile.rb:111:in `call'
/usr/local/rvm/rubies/ruby-2.4.1/lib/ruby/gems/2.4.0/gems/railties-5.2.1/lib/rails/engine.rb:524:in `call'
puma (3.12.0) lib/puma/configuration.rb:225:in `call'
puma (3.12.0) lib/puma/server.rb:658:in `handle_request'
puma (3.12.0) lib/puma/server.rb:472:in `process_client'
puma (3.12.0) lib/puma/server.rb:332:in `block in run'
puma (3.12.0) lib/puma/thread_pool.rb:133:in `block in spawn_thread'
Started GET "/" for 150.161.2.202 at 2018-10-31 22:27:24 +0000
Cannot render console from 150.161.2.202! Allowed networks: 127.0.0.1, ::1, 127.0.0.0/127.255.255.255
  
PG::ConnectionBad (FATAL:  password authentication failed for user "ubuntu"
):
  
pg (1.1.3) lib/pg.rb:56:in `initialize'
pg (1.1.3) lib/pg.rb:56:in `new'
pg (1.1.3) lib/pg.rb:56:in `connect'
/usr/local/rvm/rubies/ruby-2.4.1/lib/ruby/gems/2.4.0/gems/activerecord-5.2.1/lib/active_record/connection_adapters/postgresql_adapter.rb:684:in `connect'
/usr/local/rvm/rubies/ruby-2.4.1/lib/ruby/gems/2.4.0/gems/activerecord-5.2.1/lib/active_record/connection_adapters/postgresql_adapter.rb:215:in `initialize'
/usr/local/rvm/rubies/ruby-2.4.1/lib/ruby/gems/2.4.0/gems/activerecord-5.2.1/lib/active_record/connection_adapters/postgresql_adapter.rb:40:in `new'
/usr/local/rvm/rubies/ruby-2.4.1/lib/ruby/gems/2.4.0/gems/activerecord-5.2.1/lib/active_record/connection_adapters/postgresql_adapter.rb:40:in `postgresql_connection'
/usr/local/rvm/rubies/ruby-2.4.1/lib/ruby/gems/2.4.0/gems/activerecord-5.2.1/lib/active_record/connection_adapters/abstract/connection_pool.rb:809:in `new_connection'
/usr/local/rvm/rubies/ruby-2.4.1/lib/ruby/gems/2.4.0/gems/activerecord-5.2.1/lib/active_record/connection_adapters/abstract/connection_pool.rb:853:in `checkout_new_connection'
/usr/local/rvm/rubies/ruby-2.4.1/lib/ruby/gems/2.4.0/gems/activerecord-5.2.1/lib/active_record/connection_adapters/abstract/connection_pool.rb:832:in `try_to_checkout_new_connection'
/usr/local/rvm/rubies/ruby-2.4.1/lib/ruby/gems/2.4.0/gems/activerecord-5.2.1/lib/active_record/connection_adapters/abstract/connection_pool.rb:793:in `acquire_connection'
/usr/local/rvm/rubies/ruby-2.4.1/lib/ruby/gems/2.4.0/gems/activerecord-5.2.1/lib/active_record/connection_adapters/abstract/connection_pool.rb:521:in `checkout'
/usr/local/rvm/rubies/ruby-2.4.1/lib/ruby/gems/2.4.0/gems/activerecord-5.2.1/lib/active_record/connection_adapters/abstract/connection_pool.rb:380:in `connection'
/usr/local/rvm/rubies/ruby-2.4.1/lib/ruby/gems/2.4.0/gems/activerecord-5.2.1/lib/active_record/connection_adapters/abstract/connection_pool.rb:1008:in `retrieve_connection'
/usr/local/rvm/rubies/ruby-2.4.1/lib/ruby/gems/2.4.0/gems/activerecord-5.2.1/lib/active_record/connection_handling.rb:118:in `retrieve_connection'
/usr/local/rvm/rubies/ruby-2.4.1/lib/ruby/gems/2.4.0/gems/activerecord-5.2.1/lib/active_record/connection_handling.rb:90:in `connection'
/usr/local/rvm/rubies/ruby-2.4.1/lib/ruby/gems/2.4.0/gems/activerecord-5.2.1/lib/active_record/migration.rb:554:in `call'
/usr/local/rvm/rubies/ruby-2.4.1/lib/ruby/gems/2.4.0/gems/actionpack-5.2.1/lib/action_dispatch/middleware/callbacks.rb:28:in `block in call'
/usr/local/rvm/rubies/ruby-2.4.1/lib/ruby/gems/2.4.0/gems/activesupport-5.2.1/lib/active_support/callbacks.rb:98:in `run_callbacks'
/usr/local/rvm/rubies/ruby-2.4.1/lib/ruby/gems/2.4.0/gems/actionpack-5.2.1/lib/action_dispatch/middleware/callbacks.rb:26:in `call'
/usr/local/rvm/rubies/ruby-2.4.1/lib/ruby/gems/2.4.0/gems/actionpack-5.2.1/lib/action_dispatch/middleware/executor.rb:14:in `call'
/usr/local/rvm/rubies/ruby-2.4.1/lib/ruby/gems/2.4.0/gems/actionpack-5.2.1/lib/action_dispatch/middleware/debug_exceptions.rb:61:in `call'
web-console (3.7.0) lib/web_console/middleware.rb:135:in `call_app'
web-console (3.7.0) lib/web_console/middleware.rb:22:in `block in call'
web-console (3.7.0) lib/web_console/middleware.rb:20:in `catch'
web-console (3.7.0) lib/web_console/middleware.rb:20:in `call'
/usr/local/rvm/rubies/ruby-2.4.1/lib/ruby/gems/2.4.0/gems/actionpack-5.2.1/lib/action_dispatch/middleware/show_exceptions.rb:33:in `call'
/usr/local/rvm/rubies/ruby-2.4.1/lib/ruby/gems/2.4.0/gems/railties-5.2.1/lib/rails/rack/logger.rb:38:in `call_app'
/usr/local/rvm/rubies/ruby-2.4.1/lib/ruby/gems/2.4.0/gems/railties-5.2.1/lib/rails/rack/logger.rb:26:in `block in call'
/usr/local/rvm/rubies/ruby-2.4.1/lib/ruby/gems/2.4.0/gems/activesupport-5.2.1/lib/active_support/tagged_logging.rb:71:in `block in tagged'
/usr/local/rvm/rubies/ruby-2.4.1/lib/ruby/gems/2.4.0/gems/activesupport-5.2.1/lib/active_support/tagged_logging.rb:28:in `tagged'
/usr/local/rvm/rubies/ruby-2.4.1/lib/ruby/gems/2.4.0/gems/activesupport-5.2.1/lib/active_support/tagged_logging.rb:71:in `tagged'
/usr/local/rvm/rubies/ruby-2.4.1/lib/ruby/gems/2.4.0/gems/railties-5.2.1/lib/rails/rack/logger.rb:26:in `call'
/usr/local/rvm/rubies/ruby-2.4.1/lib/ruby/gems/2.4.0/gems/sprockets-rails-3.2.1/lib/sprockets/rails/quiet_assets.rb:13:in `call'
/usr/local/rvm/rubies/ruby-2.4.1/lib/ruby/gems/2.4.0/gems/actionpack-5.2.1/lib/action_dispatch/middleware/remote_ip.rb:81:in `call'
/usr/local/rvm/rubies/ruby-2.4.1/lib/ruby/gems/2.4.0/gems/actionpack-5.2.1/lib/action_dispatch/middleware/request_id.rb:27:in `call'
/usr/local/rvm/rubies/ruby-2.4.1/lib/ruby/gems/2.4.0/gems/rack-2.0.5/lib/rack/method_override.rb:22:in `call'
/usr/local/rvm/rubies/ruby-2.4.1/lib/ruby/gems/2.4.0/gems/rack-2.0.5/lib/rack/runtime.rb:22:in `call'
/usr/local/rvm/rubies/ruby-2.4.1/lib/ruby/gems/2.4.0/gems/activesupport-5.2.1/lib/active_support/cache/strategy/local_cache_middleware.rb:29:in `call'
/usr/local/rvm/rubies/ruby-2.4.1/lib/ruby/gems/2.4.0/gems/actionpack-5.2.1/lib/action_dispatch/middleware/executor.rb:14:in `call'
/usr/local/rvm/rubies/ruby-2.4.1/lib/ruby/gems/2.4.0/gems/actionpack-5.2.1/lib/action_dispatch/middleware/static.rb:127:in `call'
/usr/local/rvm/rubies/ruby-2.4.1/lib/ruby/gems/2.4.0/gems/rack-2.0.5/lib/rack/sendfile.rb:111:in `call'
/usr/local/rvm/rubies/ruby-2.4.1/lib/ruby/gems/2.4.0/gems/railties-5.2.1/lib/rails/engine.rb:524:in `call'
puma (3.12.0) lib/puma/configuration.rb:225:in `call'
puma (3.12.0) lib/puma/server.rb:658:in `handle_request'
puma (3.12.0) lib/puma/server.rb:472:in `process_client'
puma (3.12.0) lib/puma/server.rb:332:in `block in run'
puma (3.12.0) lib/puma/thread_pool.rb:133:in `block in spawn_thread'
Started GET "/" for 150.161.2.202 at 2018-10-31 22:27:27 +0000
Cannot render console from 150.161.2.202! Allowed networks: 127.0.0.1, ::1, 127.0.0.0/127.255.255.255
  
PG::ConnectionBad (FATAL:  password authentication failed for user "ubuntu"
):
  
pg (1.1.3) lib/pg.rb:56:in `initialize'
pg (1.1.3) lib/pg.rb:56:in `new'
pg (1.1.3) lib/pg.rb:56:in `connect'
/usr/local/rvm/rubies/ruby-2.4.1/lib/ruby/gems/2.4.0/gems/activerecord-5.2.1/lib/active_record/connection_adapters/postgresql_adapter.rb:684:in `connect'
/usr/local/rvm/rubies/ruby-2.4.1/lib/ruby/gems/2.4.0/gems/activerecord-5.2.1/lib/active_record/connection_adapters/postgresql_adapter.rb:215:in `initialize'
/usr/local/rvm/rubies/ruby-2.4.1/lib/ruby/gems/2.4.0/gems/activerecord-5.2.1/lib/active_record/connection_adapters/postgresql_adapter.rb:40:in `new'
/usr/local/rvm/rubies/ruby-2.4.1/lib/ruby/gems/2.4.0/gems/activerecord-5.2.1/lib/active_record/connection_adapters/postgresql_adapter.rb:40:in `postgresql_connection'
/usr/local/rvm/rubies/ruby-2.4.1/lib/ruby/gems/2.4.0/gems/activerecord-5.2.1/lib/active_record/connection_adapters/abstract/connection_pool.rb:809:in `new_connection'
/usr/local/rvm/rubies/ruby-2.4.1/lib/ruby/gems/2.4.0/gems/activerecord-5.2.1/lib/active_record/connection_adapters/abstract/connection_pool.rb:853:in `checkout_new_connection'
/usr/local/rvm/rubies/ruby-2.4.1/lib/ruby/gems/2.4.0/gems/activerecord-5.2.1/lib/active_record/connection_adapters/abstract/connection_pool.rb:832:in `try_to_checkout_new_connection'
/usr/local/rvm/rubies/ruby-2.4.1/lib/ruby/gems/2.4.0/gems/activerecord-5.2.1/lib/active_record/connection_adapters/abstract/connection_pool.rb:793:in `acquire_connection'
/usr/local/rvm/rubies/ruby-2.4.1/lib/ruby/gems/2.4.0/gems/activerecord-5.2.1/lib/active_record/connection_adapters/abstract/connection_pool.rb:521:in `checkout'
/usr/local/rvm/rubies/ruby-2.4.1/lib/ruby/gems/2.4.0/gems/activerecord-5.2.1/lib/active_record/connection_adapters/abstract/connection_pool.rb:380:in `connection'
/usr/local/rvm/rubies/ruby-2.4.1/lib/ruby/gems/2.4.0/gems/activerecord-5.2.1/lib/active_record/connection_adapters/abstract/connection_pool.rb:1008:in `retrieve_connection'
/usr/local/rvm/rubies/ruby-2.4.1/lib/ruby/gems/2.4.0/gems/activerecord-5.2.1/lib/active_record/connection_handling.rb:118:in `retrieve_connection'
/usr/local/rvm/rubies/ruby-2.4.1/lib/ruby/gems/2.4.0/gems/activerecord-5.2.1/lib/active_record/connection_handling.rb:90:in `connection'
/usr/local/rvm/rubies/ruby-2.4.1/lib/ruby/gems/2.4.0/gems/activerecord-5.2.1/lib/active_record/migration.rb:554:in `call'
/usr/local/rvm/rubies/ruby-2.4.1/lib/ruby/gems/2.4.0/gems/actionpack-5.2.1/lib/action_dispatch/middleware/callbacks.rb:28:in `block in call'
/usr/local/rvm/rubies/ruby-2.4.1/lib/ruby/gems/2.4.0/gems/activesupport-5.2.1/lib/active_support/callbacks.rb:98:in `run_callbacks'
/usr/local/rvm/rubies/ruby-2.4.1/lib/ruby/gems/2.4.0/gems/actionpack-5.2.1/lib/action_dispatch/middleware/callbacks.rb:26:in `call'
/usr/local/rvm/rubies/ruby-2.4.1/lib/ruby/gems/2.4.0/gems/actionpack-5.2.1/lib/action_dispatch/middleware/executor.rb:14:in `call'
/usr/local/rvm/rubies/ruby-2.4.1/lib/ruby/gems/2.4.0/gems/actionpack-5.2.1/lib/action_dispatch/middleware/debug_exceptions.rb:61:in `call'
web-console (3.7.0) lib/web_console/middleware.rb:135:in `call_app'
web-console (3.7.0) lib/web_console/middleware.rb:22:in `block in call'
web-console (3.7.0) lib/web_console/middleware.rb:20:in `catch'
web-console (3.7.0) lib/web_console/middleware.rb:20:in `call'
/usr/local/rvm/rubies/ruby-2.4.1/lib/ruby/gems/2.4.0/gems/actionpack-5.2.1/lib/action_dispatch/middleware/show_exceptions.rb:33:in `call'
/usr/local/rvm/rubies/ruby-2.4.1/lib/ruby/gems/2.4.0/gems/railties-5.2.1/lib/rails/rack/logger.rb:38:in `call_app'
/usr/local/rvm/rubies/ruby-2.4.1/lib/ruby/gems/2.4.0/gems/railties-5.2.1/lib/rails/rack/logger.rb:26:in `block in call'
/usr/local/rvm/rubies/ruby-2.4.1/lib/ruby/gems/2.4.0/gems/activesupport-5.2.1/lib/active_support/tagged_logging.rb:71:in `block in tagged'
/usr/local/rvm/rubies/ruby-2.4.1/lib/ruby/gems/2.4.0/gems/activesupport-5.2.1/lib/active_support/tagged_logging.rb:28:in `tagged'
/usr/local/rvm/rubies/ruby-2.4.1/lib/ruby/gems/2.4.0/gems/activesupport-5.2.1/lib/active_support/tagged_logging.rb:71:in `tagged'
/usr/local/rvm/rubies/ruby-2.4.1/lib/ruby/gems/2.4.0/gems/railties-5.2.1/lib/rails/rack/logger.rb:26:in `call'
/usr/local/rvm/rubies/ruby-2.4.1/lib/ruby/gems/2.4.0/gems/sprockets-rails-3.2.1/lib/sprockets/rails/quiet_assets.rb:13:in `call'
/usr/local/rvm/rubies/ruby-2.4.1/lib/ruby/gems/2.4.0/gems/actionpack-5.2.1/lib/action_dispatch/middleware/remote_ip.rb:81:in `call'
/usr/local/rvm/rubies/ruby-2.4.1/lib/ruby/gems/2.4.0/gems/actionpack-5.2.1/lib/action_dispatch/middleware/request_id.rb:27:in `call'
/usr/local/rvm/rubies/ruby-2.4.1/lib/ruby/gems/2.4.0/gems/rack-2.0.5/lib/rack/method_override.rb:22:in `call'
/usr/local/rvm/rubies/ruby-2.4.1/lib/ruby/gems/2.4.0/gems/rack-2.0.5/lib/rack/runtime.rb:22:in `call'
/usr/local/rvm/rubies/ruby-2.4.1/lib/ruby/gems/2.4.0/gems/activesupport-5.2.1/lib/active_support/cache/strategy/local_cache_middleware.rb:29:in `call'
/usr/local/rvm/rubies/ruby-2.4.1/lib/ruby/gems/2.4.0/gems/actionpack-5.2.1/lib/action_dispatch/middleware/executor.rb:14:in `call'
/usr/local/rvm/rubies/ruby-2.4.1/lib/ruby/gems/2.4.0/gems/actionpack-5.2.1/lib/action_dispatch/middleware/static.rb:127:in `call'
/usr/local/rvm/rubies/ruby-2.4.1/lib/ruby/gems/2.4.0/gems/rack-2.0.5/lib/rack/sendfile.rb:111:in `call'
/usr/local/rvm/rubies/ruby-2.4.1/lib/ruby/gems/2.4.0/gems/railties-5.2.1/lib/rails/engine.rb:524:in `call'
puma (3.12.0) lib/puma/configuration.rb:225:in `call'
puma (3.12.0) lib/puma/server.rb:658:in `handle_request'
puma (3.12.0) lib/puma/server.rb:472:in `process_client'
puma (3.12.0) lib/puma/server.rb:332:in `block in run'
puma (3.12.0) lib/puma/thread_pool.rb:133:in `block in spawn_thread'
Started GET "/" for 150.161.2.202 at 2018-10-31 22:27:34 +0000
Cannot render console from 150.161.2.202! Allowed networks: 127.0.0.1, ::1, 127.0.0.0/127.255.255.255
  
PG::ConnectionBad (FATAL:  password authentication failed for user "ubuntu"
):
  
pg (1.1.3) lib/pg.rb:56:in `initialize'
pg (1.1.3) lib/pg.rb:56:in `new'
pg (1.1.3) lib/pg.rb:56:in `connect'
/usr/local/rvm/rubies/ruby-2.4.1/lib/ruby/gems/2.4.0/gems/activerecord-5.2.1/lib/active_record/connection_adapters/postgresql_adapter.rb:684:in `connect'
/usr/local/rvm/rubies/ruby-2.4.1/lib/ruby/gems/2.4.0/gems/activerecord-5.2.1/lib/active_record/connection_adapters/postgresql_adapter.rb:215:in `initialize'
/usr/local/rvm/rubies/ruby-2.4.1/lib/ruby/gems/2.4.0/gems/activerecord-5.2.1/lib/active_record/connection_adapters/postgresql_adapter.rb:40:in `new'
/usr/local/rvm/rubies/ruby-2.4.1/lib/ruby/gems/2.4.0/gems/activerecord-5.2.1/lib/active_record/connection_adapters/postgresql_adapter.rb:40:in `postgresql_connection'
/usr/local/rvm/rubies/ruby-2.4.1/lib/ruby/gems/2.4.0/gems/activerecord-5.2.1/lib/active_record/connection_adapters/abstract/connection_pool.rb:809:in `new_connection'
/usr/local/rvm/rubies/ruby-2.4.1/lib/ruby/gems/2.4.0/gems/activerecord-5.2.1/lib/active_record/connection_adapters/abstract/connection_pool.rb:853:in `checkout_new_connection'
/usr/local/rvm/rubies/ruby-2.4.1/lib/ruby/gems/2.4.0/gems/activerecord-5.2.1/lib/active_record/connection_adapters/abstract/connection_pool.rb:832:in `try_to_checkout_new_connection'
/usr/local/rvm/rubies/ruby-2.4.1/lib/ruby/gems/2.4.0/gems/activerecord-5.2.1/lib/active_record/connection_adapters/abstract/connection_pool.rb:793:in `acquire_connection'
/usr/local/rvm/rubies/ruby-2.4.1/lib/ruby/gems/2.4.0/gems/activerecord-5.2.1/lib/active_record/connection_adapters/abstract/connection_pool.rb:521:in `checkout'
/usr/local/rvm/rubies/ruby-2.4.1/lib/ruby/gems/2.4.0/gems/activerecord-5.2.1/lib/active_record/connection_adapters/abstract/connection_pool.rb:380:in `connection'
/usr/local/rvm/rubies/ruby-2.4.1/lib/ruby/gems/2.4.0/gems/activerecord-5.2.1/lib/active_record/connection_adapters/abstract/connection_pool.rb:1008:in `retrieve_connection'
/usr/local/rvm/rubies/ruby-2.4.1/lib/ruby/gems/2.4.0/gems/activerecord-5.2.1/lib/active_record/connection_handling.rb:118:in `retrieve_connection'
/usr/local/rvm/rubies/ruby-2.4.1/lib/ruby/gems/2.4.0/gems/activerecord-5.2.1/lib/active_record/connection_handling.rb:90:in `connection'
/usr/local/rvm/rubies/ruby-2.4.1/lib/ruby/gems/2.4.0/gems/activerecord-5.2.1/lib/active_record/migration.rb:554:in `call'
/usr/local/rvm/rubies/ruby-2.4.1/lib/ruby/gems/2.4.0/gems/actionpack-5.2.1/lib/action_dispatch/middleware/callbacks.rb:28:in `block in call'
/usr/local/rvm/rubies/ruby-2.4.1/lib/ruby/gems/2.4.0/gems/activesupport-5.2.1/lib/active_support/callbacks.rb:98:in `run_callbacks'
/usr/local/rvm/rubies/ruby-2.4.1/lib/ruby/gems/2.4.0/gems/actionpack-5.2.1/lib/action_dispatch/middleware/callbacks.rb:26:in `call'
/usr/local/rvm/rubies/ruby-2.4.1/lib/ruby/gems/2.4.0/gems/actionpack-5.2.1/lib/action_dispatch/middleware/executor.rb:14:in `call'
/usr/local/rvm/rubies/ruby-2.4.1/lib/ruby/gems/2.4.0/gems/actionpack-5.2.1/lib/action_dispatch/middleware/debug_exceptions.rb:61:in `call'
web-console (3.7.0) lib/web_console/middleware.rb:135:in `call_app'
web-console (3.7.0) lib/web_console/middleware.rb:22:in `block in call'
web-console (3.7.0) lib/web_console/middleware.rb:20:in `catch'
web-console (3.7.0) lib/web_console/middleware.rb:20:in `call'
/usr/local/rvm/rubies/ruby-2.4.1/lib/ruby/gems/2.4.0/gems/actionpack-5.2.1/lib/action_dispatch/middleware/show_exceptions.rb:33:in `call'
/usr/local/rvm/rubies/ruby-2.4.1/lib/ruby/gems/2.4.0/gems/railties-5.2.1/lib/rails/rack/logger.rb:38:in `call_app'
/usr/local/rvm/rubies/ruby-2.4.1/lib/ruby/gems/2.4.0/gems/railties-5.2.1/lib/rails/rack/logger.rb:26:in `block in call'
/usr/local/rvm/rubies/ruby-2.4.1/lib/ruby/gems/2.4.0/gems/activesupport-5.2.1/lib/active_support/tagged_logging.rb:71:in `block in tagged'
/usr/local/rvm/rubies/ruby-2.4.1/lib/ruby/gems/2.4.0/gems/activesupport-5.2.1/lib/active_support/tagged_logging.rb:28:in `tagged'
/usr/local/rvm/rubies/ruby-2.4.1/lib/ruby/gems/2.4.0/gems/activesupport-5.2.1/lib/active_support/tagged_logging.rb:71:in `tagged'
/usr/local/rvm/rubies/ruby-2.4.1/lib/ruby/gems/2.4.0/gems/railties-5.2.1/lib/rails/rack/logger.rb:26:in `call'
/usr/local/rvm/rubies/ruby-2.4.1/lib/ruby/gems/2.4.0/gems/sprockets-rails-3.2.1/lib/sprockets/rails/quiet_assets.rb:13:in `call'
/usr/local/rvm/rubies/ruby-2.4.1/lib/ruby/gems/2.4.0/gems/actionpack-5.2.1/lib/action_dispatch/middleware/remote_ip.rb:81:in `call'
/usr/local/rvm/rubies/ruby-2.4.1/lib/ruby/gems/2.4.0/gems/actionpack-5.2.1/lib/action_dispatch/middleware/request_id.rb:27:in `call'
/usr/local/rvm/rubies/ruby-2.4.1/lib/ruby/gems/2.4.0/gems/rack-2.0.5/lib/rack/method_override.rb:22:in `call'
/usr/local/rvm/rubies/ruby-2.4.1/lib/ruby/gems/2.4.0/gems/rack-2.0.5/lib/rack/runtime.rb:22:in `call'
/usr/local/rvm/rubies/ruby-2.4.1/lib/ruby/gems/2.4.0/gems/activesupport-5.2.1/lib/active_support/cache/strategy/local_cache_middleware.rb:29:in `call'
/usr/local/rvm/rubies/ruby-2.4.1/lib/ruby/gems/2.4.0/gems/actionpack-5.2.1/lib/action_dispatch/middleware/executor.rb:14:in `call'
/usr/local/rvm/rubies/ruby-2.4.1/lib/ruby/gems/2.4.0/gems/actionpack-5.2.1/lib/action_dispatch/middleware/static.rb:127:in `call'
/usr/local/rvm/rubies/ruby-2.4.1/lib/ruby/gems/2.4.0/gems/rack-2.0.5/lib/rack/sendfile.rb:111:in `call'
/usr/local/rvm/rubies/ruby-2.4.1/lib/ruby/gems/2.4.0/gems/railties-5.2.1/lib/rails/engine.rb:524:in `call'
puma (3.12.0) lib/puma/configuration.rb:225:in `call'
puma (3.12.0) lib/puma/server.rb:658:in `handle_request'
puma (3.12.0) lib/puma/server.rb:472:in `process_client'
puma (3.12.0) lib/puma/server.rb:332:in `block in run'
puma (3.12.0) lib/puma/thread_pool.rb:133:in `block in spawn_thread'
Started GET "/" for 150.161.2.202 at 2018-10-31 22:45:50 +0000
Cannot render console from 150.161.2.202! Allowed networks: 127.0.0.1, ::1, 127.0.0.0/127.255.255.255
  
PG::ConnectionBad (FATAL:  password authentication failed for user "ubuntu"
):
  
pg (1.1.3) lib/pg.rb:56:in `initialize'
pg (1.1.3) lib/pg.rb:56:in `new'
pg (1.1.3) lib/pg.rb:56:in `connect'
/usr/local/rvm/rubies/ruby-2.4.1/lib/ruby/gems/2.4.0/gems/activerecord-5.2.1/lib/active_record/connection_adapters/postgresql_adapter.rb:684:in `connect'
/usr/local/rvm/rubies/ruby-2.4.1/lib/ruby/gems/2.4.0/gems/activerecord-5.2.1/lib/active_record/connection_adapters/postgresql_adapter.rb:215:in `initialize'
/usr/local/rvm/rubies/ruby-2.4.1/lib/ruby/gems/2.4.0/gems/activerecord-5.2.1/lib/active_record/connection_adapters/postgresql_adapter.rb:40:in `new'
/usr/local/rvm/rubies/ruby-2.4.1/lib/ruby/gems/2.4.0/gems/activerecord-5.2.1/lib/active_record/connection_adapters/postgresql_adapter.rb:40:in `postgresql_connection'
/usr/local/rvm/rubies/ruby-2.4.1/lib/ruby/gems/2.4.0/gems/activerecord-5.2.1/lib/active_record/connection_adapters/abstract/connection_pool.rb:809:in `new_connection'
/usr/local/rvm/rubies/ruby-2.4.1/lib/ruby/gems/2.4.0/gems/activerecord-5.2.1/lib/active_record/connection_adapters/abstract/connection_pool.rb:853:in `checkout_new_connection'
/usr/local/rvm/rubies/ruby-2.4.1/lib/ruby/gems/2.4.0/gems/activerecord-5.2.1/lib/active_record/connection_adapters/abstract/connection_pool.rb:832:in `try_to_checkout_new_connection'
/usr/local/rvm/rubies/ruby-2.4.1/lib/ruby/gems/2.4.0/gems/activerecord-5.2.1/lib/active_record/connection_adapters/abstract/connection_pool.rb:793:in `acquire_connection'
/usr/local/rvm/rubies/ruby-2.4.1/lib/ruby/gems/2.4.0/gems/activerecord-5.2.1/lib/active_record/connection_adapters/abstract/connection_pool.rb:521:in `checkout'
/usr/local/rvm/rubies/ruby-2.4.1/lib/ruby/gems/2.4.0/gems/activerecord-5.2.1/lib/active_record/connection_adapters/abstract/connection_pool.rb:380:in `connection'
/usr/local/rvm/rubies/ruby-2.4.1/lib/ruby/gems/2.4.0/gems/activerecord-5.2.1/lib/active_record/connection_adapters/abstract/connection_pool.rb:1008:in `retrieve_connection'
/usr/local/rvm/rubies/ruby-2.4.1/lib/ruby/gems/2.4.0/gems/activerecord-5.2.1/lib/active_record/connection_handling.rb:118:in `retrieve_connection'
/usr/local/rvm/rubies/ruby-2.4.1/lib/ruby/gems/2.4.0/gems/activerecord-5.2.1/lib/active_record/connection_handling.rb:90:in `connection'
/usr/local/rvm/rubies/ruby-2.4.1/lib/ruby/gems/2.4.0/gems/activerecord-5.2.1/lib/active_record/migration.rb:554:in `call'
/usr/local/rvm/rubies/ruby-2.4.1/lib/ruby/gems/2.4.0/gems/actionpack-5.2.1/lib/action_dispatch/middleware/callbacks.rb:28:in `block in call'
/usr/local/rvm/rubies/ruby-2.4.1/lib/ruby/gems/2.4.0/gems/activesupport-5.2.1/lib/active_support/callbacks.rb:98:in `run_callbacks'
/usr/local/rvm/rubies/ruby-2.4.1/lib/ruby/gems/2.4.0/gems/actionpack-5.2.1/lib/action_dispatch/middleware/callbacks.rb:26:in `call'
/usr/local/rvm/rubies/ruby-2.4.1/lib/ruby/gems/2.4.0/gems/actionpack-5.2.1/lib/action_dispatch/middleware/executor.rb:14:in `call'
/usr/local/rvm/rubies/ruby-2.4.1/lib/ruby/gems/2.4.0/gems/actionpack-5.2.1/lib/action_dispatch/middleware/debug_exceptions.rb:61:in `call'
web-console (3.7.0) lib/web_console/middleware.rb:135:in `call_app'
web-console (3.7.0) lib/web_console/middleware.rb:22:in `block in call'
web-console (3.7.0) lib/web_console/middleware.rb:20:in `catch'
web-console (3.7.0) lib/web_console/middleware.rb:20:in `call'
/usr/local/rvm/rubies/ruby-2.4.1/lib/ruby/gems/2.4.0/gems/actionpack-5.2.1/lib/action_dispatch/middleware/show_exceptions.rb:33:in `call'
/usr/local/rvm/rubies/ruby-2.4.1/lib/ruby/gems/2.4.0/gems/railties-5.2.1/lib/rails/rack/logger.rb:38:in `call_app'
/usr/local/rvm/rubies/ruby-2.4.1/lib/ruby/gems/2.4.0/gems/railties-5.2.1/lib/rails/rack/logger.rb:26:in `block in call'
/usr/local/rvm/rubies/ruby-2.4.1/lib/ruby/gems/2.4.0/gems/activesupport-5.2.1/lib/active_support/tagged_logging.rb:71:in `block in tagged'
/usr/local/rvm/rubies/ruby-2.4.1/lib/ruby/gems/2.4.0/gems/activesupport-5.2.1/lib/active_support/tagged_logging.rb:28:in `tagged'
/usr/local/rvm/rubies/ruby-2.4.1/lib/ruby/gems/2.4.0/gems/activesupport-5.2.1/lib/active_support/tagged_logging.rb:71:in `tagged'
/usr/local/rvm/rubies/ruby-2.4.1/lib/ruby/gems/2.4.0/gems/railties-5.2.1/lib/rails/rack/logger.rb:26:in `call'
/usr/local/rvm/rubies/ruby-2.4.1/lib/ruby/gems/2.4.0/gems/sprockets-rails-3.2.1/lib/sprockets/rails/quiet_assets.rb:13:in `call'
/usr/local/rvm/rubies/ruby-2.4.1/lib/ruby/gems/2.4.0/gems/actionpack-5.2.1/lib/action_dispatch/middleware/remote_ip.rb:81:in `call'
/usr/local/rvm/rubies/ruby-2.4.1/lib/ruby/gems/2.4.0/gems/actionpack-5.2.1/lib/action_dispatch/middleware/request_id.rb:27:in `call'
/usr/local/rvm/rubies/ruby-2.4.1/lib/ruby/gems/2.4.0/gems/rack-2.0.5/lib/rack/method_override.rb:22:in `call'
/usr/local/rvm/rubies/ruby-2.4.1/lib/ruby/gems/2.4.0/gems/rack-2.0.5/lib/rack/runtime.rb:22:in `call'
/usr/local/rvm/rubies/ruby-2.4.1/lib/ruby/gems/2.4.0/gems/activesupport-5.2.1/lib/active_support/cache/strategy/local_cache_middleware.rb:29:in `call'
/usr/local/rvm/rubies/ruby-2.4.1/lib/ruby/gems/2.4.0/gems/actionpack-5.2.1/lib/action_dispatch/middleware/executor.rb:14:in `call'
/usr/local/rvm/rubies/ruby-2.4.1/lib/ruby/gems/2.4.0/gems/actionpack-5.2.1/lib/action_dispatch/middleware/static.rb:127:in `call'
/usr/local/rvm/rubies/ruby-2.4.1/lib/ruby/gems/2.4.0/gems/rack-2.0.5/lib/rack/sendfile.rb:111:in `call'
/usr/local/rvm/rubies/ruby-2.4.1/lib/ruby/gems/2.4.0/gems/railties-5.2.1/lib/rails/engine.rb:524:in `call'
puma (3.12.0) lib/puma/configuration.rb:225:in `call'
puma (3.12.0) lib/puma/server.rb:658:in `handle_request'
puma (3.12.0) lib/puma/server.rb:472:in `process_client'
puma (3.12.0) lib/puma/server.rb:332:in `block in run'
puma (3.12.0) lib/puma/thread_pool.rb:133:in `block in spawn_thread'
Started GET "/" for 150.161.2.202 at 2018-10-31 22:50:29 +0000
Cannot render console from 150.161.2.202! Allowed networks: 127.0.0.1, ::1, 127.0.0.0/127.255.255.255
  
PG::ConnectionBad (FATAL:  password authentication failed for user "ubuntu"
):
  
pg (1.1.3) lib/pg.rb:56:in `initialize'
pg (1.1.3) lib/pg.rb:56:in `new'
pg (1.1.3) lib/pg.rb:56:in `connect'
/usr/local/rvm/rubies/ruby-2.4.1/lib/ruby/gems/2.4.0/gems/activerecord-5.2.1/lib/active_record/connection_adapters/postgresql_adapter.rb:684:in `connect'
/usr/local/rvm/rubies/ruby-2.4.1/lib/ruby/gems/2.4.0/gems/activerecord-5.2.1/lib/active_record/connection_adapters/postgresql_adapter.rb:215:in `initialize'
/usr/local/rvm/rubies/ruby-2.4.1/lib/ruby/gems/2.4.0/gems/activerecord-5.2.1/lib/active_record/connection_adapters/postgresql_adapter.rb:40:in `new'
/usr/local/rvm/rubies/ruby-2.4.1/lib/ruby/gems/2.4.0/gems/activerecord-5.2.1/lib/active_record/connection_adapters/postgresql_adapter.rb:40:in `postgresql_connection'
/usr/local/rvm/rubies/ruby-2.4.1/lib/ruby/gems/2.4.0/gems/activerecord-5.2.1/lib/active_record/connection_adapters/abstract/connection_pool.rb:809:in `new_connection'
/usr/local/rvm/rubies/ruby-2.4.1/lib/ruby/gems/2.4.0/gems/activerecord-5.2.1/lib/active_record/connection_adapters/abstract/connection_pool.rb:853:in `checkout_new_connection'
/usr/local/rvm/rubies/ruby-2.4.1/lib/ruby/gems/2.4.0/gems/activerecord-5.2.1/lib/active_record/connection_adapters/abstract/connection_pool.rb:832:in `try_to_checkout_new_connection'
/usr/local/rvm/rubies/ruby-2.4.1/lib/ruby/gems/2.4.0/gems/activerecord-5.2.1/lib/active_record/connection_adapters/abstract/connection_pool.rb:793:in `acquire_connection'
/usr/local/rvm/rubies/ruby-2.4.1/lib/ruby/gems/2.4.0/gems/activerecord-5.2.1/lib/active_record/connection_adapters/abstract/connection_pool.rb:521:in `checkout'
/usr/local/rvm/rubies/ruby-2.4.1/lib/ruby/gems/2.4.0/gems/activerecord-5.2.1/lib/active_record/connection_adapters/abstract/connection_pool.rb:380:in `connection'
/usr/local/rvm/rubies/ruby-2.4.1/lib/ruby/gems/2.4.0/gems/activerecord-5.2.1/lib/active_record/connection_adapters/abstract/connection_pool.rb:1008:in `retrieve_connection'
/usr/local/rvm/rubies/ruby-2.4.1/lib/ruby/gems/2.4.0/gems/activerecord-5.2.1/lib/active_record/connection_handling.rb:118:in `retrieve_connection'
/usr/local/rvm/rubies/ruby-2.4.1/lib/ruby/gems/2.4.0/gems/activerecord-5.2.1/lib/active_record/connection_handling.rb:90:in `connection'
/usr/local/rvm/rubies/ruby-2.4.1/lib/ruby/gems/2.4.0/gems/activerecord-5.2.1/lib/active_record/migration.rb:554:in `call'
/usr/local/rvm/rubies/ruby-2.4.1/lib/ruby/gems/2.4.0/gems/actionpack-5.2.1/lib/action_dispatch/middleware/callbacks.rb:28:in `block in call'
/usr/local/rvm/rubies/ruby-2.4.1/lib/ruby/gems/2.4.0/gems/activesupport-5.2.1/lib/active_support/callbacks.rb:98:in `run_callbacks'
/usr/local/rvm/rubies/ruby-2.4.1/lib/ruby/gems/2.4.0/gems/actionpack-5.2.1/lib/action_dispatch/middleware/callbacks.rb:26:in `call'
/usr/local/rvm/rubies/ruby-2.4.1/lib/ruby/gems/2.4.0/gems/actionpack-5.2.1/lib/action_dispatch/middleware/executor.rb:14:in `call'
/usr/local/rvm/rubies/ruby-2.4.1/lib/ruby/gems/2.4.0/gems/actionpack-5.2.1/lib/action_dispatch/middleware/debug_exceptions.rb:61:in `call'
web-console (3.7.0) lib/web_console/middleware.rb:135:in `call_app'
web-console (3.7.0) lib/web_console/middleware.rb:22:in `block in call'
web-console (3.7.0) lib/web_console/middleware.rb:20:in `catch'
web-console (3.7.0) lib/web_console/middleware.rb:20:in `call'
/usr/local/rvm/rubies/ruby-2.4.1/lib/ruby/gems/2.4.0/gems/actionpack-5.2.1/lib/action_dispatch/middleware/show_exceptions.rb:33:in `call'
/usr/local/rvm/rubies/ruby-2.4.1/lib/ruby/gems/2.4.0/gems/railties-5.2.1/lib/rails/rack/logger.rb:38:in `call_app'
/usr/local/rvm/rubies/ruby-2.4.1/lib/ruby/gems/2.4.0/gems/railties-5.2.1/lib/rails/rack/logger.rb:26:in `block in call'
/usr/local/rvm/rubies/ruby-2.4.1/lib/ruby/gems/2.4.0/gems/activesupport-5.2.1/lib/active_support/tagged_logging.rb:71:in `block in tagged'
/usr/local/rvm/rubies/ruby-2.4.1/lib/ruby/gems/2.4.0/gems/activesupport-5.2.1/lib/active_support/tagged_logging.rb:28:in `tagged'
/usr/local/rvm/rubies/ruby-2.4.1/lib/ruby/gems/2.4.0/gems/activesupport-5.2.1/lib/active_support/tagged_logging.rb:71:in `tagged'
/usr/local/rvm/rubies/ruby-2.4.1/lib/ruby/gems/2.4.0/gems/railties-5.2.1/lib/rails/rack/logger.rb:26:in `call'
/usr/local/rvm/rubies/ruby-2.4.1/lib/ruby/gems/2.4.0/gems/sprockets-rails-3.2.1/lib/sprockets/rails/quiet_assets.rb:13:in `call'
/usr/local/rvm/rubies/ruby-2.4.1/lib/ruby/gems/2.4.0/gems/actionpack-5.2.1/lib/action_dispatch/middleware/remote_ip.rb:81:in `call'
/usr/local/rvm/rubies/ruby-2.4.1/lib/ruby/gems/2.4.0/gems/actionpack-5.2.1/lib/action_dispatch/middleware/request_id.rb:27:in `call'
/usr/local/rvm/rubies/ruby-2.4.1/lib/ruby/gems/2.4.0/gems/rack-2.0.5/lib/rack/method_override.rb:22:in `call'
/usr/local/rvm/rubies/ruby-2.4.1/lib/ruby/gems/2.4.0/gems/rack-2.0.5/lib/rack/runtime.rb:22:in `call'
/usr/local/rvm/rubies/ruby-2.4.1/lib/ruby/gems/2.4.0/gems/activesupport-5.2.1/lib/active_support/cache/strategy/local_cache_middleware.rb:29:in `call'
/usr/local/rvm/rubies/ruby-2.4.1/lib/ruby/gems/2.4.0/gems/actionpack-5.2.1/lib/action_dispatch/middleware/executor.rb:14:in `call'
/usr/local/rvm/rubies/ruby-2.4.1/lib/ruby/gems/2.4.0/gems/actionpack-5.2.1/lib/action_dispatch/middleware/static.rb:127:in `call'
/usr/local/rvm/rubies/ruby-2.4.1/lib/ruby/gems/2.4.0/gems/rack-2.0.5/lib/rack/sendfile.rb:111:in `call'
/usr/local/rvm/rubies/ruby-2.4.1/lib/ruby/gems/2.4.0/gems/railties-5.2.1/lib/rails/engine.rb:524:in `call'
puma (3.12.0) lib/puma/configuration.rb:225:in `call'
puma (3.12.0) lib/puma/server.rb:658:in `handle_request'
puma (3.12.0) lib/puma/server.rb:472:in `process_client'
puma (3.12.0) lib/puma/server.rb:332:in `block in run'
puma (3.12.0) lib/puma/thread_pool.rb:133:in `block in spawn_thread'
Started GET "/" for 150.161.2.202 at 2018-10-31 22:51:47 +0000
Cannot render console from 150.161.2.202! Allowed networks: 127.0.0.1, ::1, 127.0.0.0/127.255.255.255
Processing by Rails::WelcomeController#index as HTML
  Rendering /usr/local/rvm/rubies/ruby-2.4.1/lib/ruby/gems/2.4.0/gems/railties-5.2.1/lib/rails/templates/rails/welcome/index.html.erb
  Rendered /usr/local/rvm/rubies/ruby-2.4.1/lib/ruby/gems/2.4.0/gems/railties-5.2.1/lib/rails/templates/rails/welcome/index.html.erb (1.8ms)
Completed 200 OK in 14ms (Views: 4.3ms | ActiveRecord: 0.0ms)


Started GET "/" for 150.161.2.202 at 2018-10-31 22:51:50 +0000
Cannot render console from 150.161.2.202! Allowed networks: 127.0.0.1, ::1, 127.0.0.0/127.255.255.255
Processing by Rails::WelcomeController#index as HTML
  Rendering /usr/local/rvm/rubies/ruby-2.4.1/lib/ruby/gems/2.4.0/gems/railties-5.2.1/lib/rails/templates/rails/welcome/index.html.erb
  Rendered /usr/local/rvm/rubies/ruby-2.4.1/lib/ruby/gems/2.4.0/gems/railties-5.2.1/lib/rails/templates/rails/welcome/index.html.erb (1.7ms)
Completed 200 OK in 4ms (Views: 3.2ms | ActiveRecord: 0.0ms)


Started GET "/" for 150.161.2.202 at 2018-11-05 23:27:54 +0000
Cannot render console from 150.161.2.202! Allowed networks: 127.0.0.1, ::1, 127.0.0.0/127.255.255.255
  
PG::ConnectionBad (could not connect to server: Connection refused
	Is the server running on host "localhost" (127.0.0.1) and accepting
	TCP/IP connections on port 5432?
):
  
pg (1.1.3) lib/pg.rb:56:in `initialize'
pg (1.1.3) lib/pg.rb:56:in `new'
pg (1.1.3) lib/pg.rb:56:in `connect'
/usr/local/rvm/rubies/ruby-2.4.1/lib/ruby/gems/2.4.0/gems/activerecord-5.2.1/lib/active_record/connection_adapters/postgresql_adapter.rb:684:in `connect'
/usr/local/rvm/rubies/ruby-2.4.1/lib/ruby/gems/2.4.0/gems/activerecord-5.2.1/lib/active_record/connection_adapters/postgresql_adapter.rb:215:in `initialize'
/usr/local/rvm/rubies/ruby-2.4.1/lib/ruby/gems/2.4.0/gems/activerecord-5.2.1/lib/active_record/connection_adapters/postgresql_adapter.rb:40:in `new'
/usr/local/rvm/rubies/ruby-2.4.1/lib/ruby/gems/2.4.0/gems/activerecord-5.2.1/lib/active_record/connection_adapters/postgresql_adapter.rb:40:in `postgresql_connection'
/usr/local/rvm/rubies/ruby-2.4.1/lib/ruby/gems/2.4.0/gems/activerecord-5.2.1/lib/active_record/connection_adapters/abstract/connection_pool.rb:809:in `new_connection'
/usr/local/rvm/rubies/ruby-2.4.1/lib/ruby/gems/2.4.0/gems/activerecord-5.2.1/lib/active_record/connection_adapters/abstract/connection_pool.rb:853:in `checkout_new_connection'
/usr/local/rvm/rubies/ruby-2.4.1/lib/ruby/gems/2.4.0/gems/activerecord-5.2.1/lib/active_record/connection_adapters/abstract/connection_pool.rb:832:in `try_to_checkout_new_connection'
/usr/local/rvm/rubies/ruby-2.4.1/lib/ruby/gems/2.4.0/gems/activerecord-5.2.1/lib/active_record/connection_adapters/abstract/connection_pool.rb:793:in `acquire_connection'
/usr/local/rvm/rubies/ruby-2.4.1/lib/ruby/gems/2.4.0/gems/activerecord-5.2.1/lib/active_record/connection_adapters/abstract/connection_pool.rb:521:in `checkout'
/usr/local/rvm/rubies/ruby-2.4.1/lib/ruby/gems/2.4.0/gems/activerecord-5.2.1/lib/active_record/connection_adapters/abstract/connection_pool.rb:380:in `connection'
/usr/local/rvm/rubies/ruby-2.4.1/lib/ruby/gems/2.4.0/gems/activerecord-5.2.1/lib/active_record/connection_adapters/abstract/connection_pool.rb:1008:in `retrieve_connection'
/usr/local/rvm/rubies/ruby-2.4.1/lib/ruby/gems/2.4.0/gems/activerecord-5.2.1/lib/active_record/connection_handling.rb:118:in `retrieve_connection'
/usr/local/rvm/rubies/ruby-2.4.1/lib/ruby/gems/2.4.0/gems/activerecord-5.2.1/lib/active_record/connection_handling.rb:90:in `connection'
/usr/local/rvm/rubies/ruby-2.4.1/lib/ruby/gems/2.4.0/gems/activerecord-5.2.1/lib/active_record/migration.rb:554:in `call'
/usr/local/rvm/rubies/ruby-2.4.1/lib/ruby/gems/2.4.0/gems/actionpack-5.2.1/lib/action_dispatch/middleware/callbacks.rb:28:in `block in call'
/usr/local/rvm/rubies/ruby-2.4.1/lib/ruby/gems/2.4.0/gems/activesupport-5.2.1/lib/active_support/callbacks.rb:98:in `run_callbacks'
/usr/local/rvm/rubies/ruby-2.4.1/lib/ruby/gems/2.4.0/gems/actionpack-5.2.1/lib/action_dispatch/middleware/callbacks.rb:26:in `call'
/usr/local/rvm/rubies/ruby-2.4.1/lib/ruby/gems/2.4.0/gems/actionpack-5.2.1/lib/action_dispatch/middleware/executor.rb:14:in `call'
/usr/local/rvm/rubies/ruby-2.4.1/lib/ruby/gems/2.4.0/gems/actionpack-5.2.1/lib/action_dispatch/middleware/debug_exceptions.rb:61:in `call'
web-console (3.7.0) lib/web_console/middleware.rb:135:in `call_app'
web-console (3.7.0) lib/web_console/middleware.rb:22:in `block in call'
web-console (3.7.0) lib/web_console/middleware.rb:20:in `catch'
web-console (3.7.0) lib/web_console/middleware.rb:20:in `call'
/usr/local/rvm/rubies/ruby-2.4.1/lib/ruby/gems/2.4.0/gems/actionpack-5.2.1/lib/action_dispatch/middleware/show_exceptions.rb:33:in `call'
/usr/local/rvm/rubies/ruby-2.4.1/lib/ruby/gems/2.4.0/gems/railties-5.2.1/lib/rails/rack/logger.rb:38:in `call_app'
/usr/local/rvm/rubies/ruby-2.4.1/lib/ruby/gems/2.4.0/gems/railties-5.2.1/lib/rails/rack/logger.rb:26:in `block in call'
/usr/local/rvm/rubies/ruby-2.4.1/lib/ruby/gems/2.4.0/gems/activesupport-5.2.1/lib/active_support/tagged_logging.rb:71:in `block in tagged'
/usr/local/rvm/rubies/ruby-2.4.1/lib/ruby/gems/2.4.0/gems/activesupport-5.2.1/lib/active_support/tagged_logging.rb:28:in `tagged'
/usr/local/rvm/rubies/ruby-2.4.1/lib/ruby/gems/2.4.0/gems/activesupport-5.2.1/lib/active_support/tagged_logging.rb:71:in `tagged'
/usr/local/rvm/rubies/ruby-2.4.1/lib/ruby/gems/2.4.0/gems/railties-5.2.1/lib/rails/rack/logger.rb:26:in `call'
/usr/local/rvm/rubies/ruby-2.4.1/lib/ruby/gems/2.4.0/gems/sprockets-rails-3.2.1/lib/sprockets/rails/quiet_assets.rb:13:in `call'
/usr/local/rvm/rubies/ruby-2.4.1/lib/ruby/gems/2.4.0/gems/actionpack-5.2.1/lib/action_dispatch/middleware/remote_ip.rb:81:in `call'
/usr/local/rvm/rubies/ruby-2.4.1/lib/ruby/gems/2.4.0/gems/actionpack-5.2.1/lib/action_dispatch/middleware/request_id.rb:27:in `call'
/usr/local/rvm/rubies/ruby-2.4.1/lib/ruby/gems/2.4.0/gems/rack-2.0.5/lib/rack/method_override.rb:22:in `call'
/usr/local/rvm/rubies/ruby-2.4.1/lib/ruby/gems/2.4.0/gems/rack-2.0.5/lib/rack/runtime.rb:22:in `call'
/usr/local/rvm/rubies/ruby-2.4.1/lib/ruby/gems/2.4.0/gems/activesupport-5.2.1/lib/active_support/cache/strategy/local_cache_middleware.rb:29:in `call'
/usr/local/rvm/rubies/ruby-2.4.1/lib/ruby/gems/2.4.0/gems/actionpack-5.2.1/lib/action_dispatch/middleware/executor.rb:14:in `call'
/usr/local/rvm/rubies/ruby-2.4.1/lib/ruby/gems/2.4.0/gems/actionpack-5.2.1/lib/action_dispatch/middleware/static.rb:127:in `call'
/usr/local/rvm/rubies/ruby-2.4.1/lib/ruby/gems/2.4.0/gems/rack-2.0.5/lib/rack/sendfile.rb:111:in `call'
/usr/local/rvm/rubies/ruby-2.4.1/lib/ruby/gems/2.4.0/gems/railties-5.2.1/lib/rails/engine.rb:524:in `call'
puma (3.12.0) lib/puma/configuration.rb:225:in `call'
puma (3.12.0) lib/puma/server.rb:658:in `handle_request'
puma (3.12.0) lib/puma/server.rb:472:in `process_client'
puma (3.12.0) lib/puma/server.rb:332:in `block in run'
puma (3.12.0) lib/puma/thread_pool.rb:133:in `block in spawn_thread'
Started GET "/" for 150.161.2.202 at 2018-11-05 23:36:08 +0000
Cannot render console from 150.161.2.202! Allowed networks: 127.0.0.1, ::1, 127.0.0.0/127.255.255.255
  
PG::ConnectionBad (could not connect to server: Connection refused
	Is the server running on host "localhost" (127.0.0.1) and accepting
	TCP/IP connections on port 5432?
):
  
pg (1.1.3) lib/pg.rb:56:in `initialize'
pg (1.1.3) lib/pg.rb:56:in `new'
pg (1.1.3) lib/pg.rb:56:in `connect'
/usr/local/rvm/rubies/ruby-2.4.1/lib/ruby/gems/2.4.0/gems/activerecord-5.2.1/lib/active_record/connection_adapters/postgresql_adapter.rb:684:in `connect'
/usr/local/rvm/rubies/ruby-2.4.1/lib/ruby/gems/2.4.0/gems/activerecord-5.2.1/lib/active_record/connection_adapters/postgresql_adapter.rb:215:in `initialize'
/usr/local/rvm/rubies/ruby-2.4.1/lib/ruby/gems/2.4.0/gems/activerecord-5.2.1/lib/active_record/connection_adapters/postgresql_adapter.rb:40:in `new'
/usr/local/rvm/rubies/ruby-2.4.1/lib/ruby/gems/2.4.0/gems/activerecord-5.2.1/lib/active_record/connection_adapters/postgresql_adapter.rb:40:in `postgresql_connection'
/usr/local/rvm/rubies/ruby-2.4.1/lib/ruby/gems/2.4.0/gems/activerecord-5.2.1/lib/active_record/connection_adapters/abstract/connection_pool.rb:809:in `new_connection'
/usr/local/rvm/rubies/ruby-2.4.1/lib/ruby/gems/2.4.0/gems/activerecord-5.2.1/lib/active_record/connection_adapters/abstract/connection_pool.rb:853:in `checkout_new_connection'
/usr/local/rvm/rubies/ruby-2.4.1/lib/ruby/gems/2.4.0/gems/activerecord-5.2.1/lib/active_record/connection_adapters/abstract/connection_pool.rb:832:in `try_to_checkout_new_connection'
/usr/local/rvm/rubies/ruby-2.4.1/lib/ruby/gems/2.4.0/gems/activerecord-5.2.1/lib/active_record/connection_adapters/abstract/connection_pool.rb:793:in `acquire_connection'
/usr/local/rvm/rubies/ruby-2.4.1/lib/ruby/gems/2.4.0/gems/activerecord-5.2.1/lib/active_record/connection_adapters/abstract/connection_pool.rb:521:in `checkout'
/usr/local/rvm/rubies/ruby-2.4.1/lib/ruby/gems/2.4.0/gems/activerecord-5.2.1/lib/active_record/connection_adapters/abstract/connection_pool.rb:380:in `connection'
/usr/local/rvm/rubies/ruby-2.4.1/lib/ruby/gems/2.4.0/gems/activerecord-5.2.1/lib/active_record/connection_adapters/abstract/connection_pool.rb:1008:in `retrieve_connection'
/usr/local/rvm/rubies/ruby-2.4.1/lib/ruby/gems/2.4.0/gems/activerecord-5.2.1/lib/active_record/connection_handling.rb:118:in `retrieve_connection'
/usr/local/rvm/rubies/ruby-2.4.1/lib/ruby/gems/2.4.0/gems/activerecord-5.2.1/lib/active_record/connection_handling.rb:90:in `connection'
/usr/local/rvm/rubies/ruby-2.4.1/lib/ruby/gems/2.4.0/gems/activerecord-5.2.1/lib/active_record/migration.rb:554:in `call'
/usr/local/rvm/rubies/ruby-2.4.1/lib/ruby/gems/2.4.0/gems/actionpack-5.2.1/lib/action_dispatch/middleware/callbacks.rb:28:in `block in call'
/usr/local/rvm/rubies/ruby-2.4.1/lib/ruby/gems/2.4.0/gems/activesupport-5.2.1/lib/active_support/callbacks.rb:98:in `run_callbacks'
/usr/local/rvm/rubies/ruby-2.4.1/lib/ruby/gems/2.4.0/gems/actionpack-5.2.1/lib/action_dispatch/middleware/callbacks.rb:26:in `call'
/usr/local/rvm/rubies/ruby-2.4.1/lib/ruby/gems/2.4.0/gems/actionpack-5.2.1/lib/action_dispatch/middleware/executor.rb:14:in `call'
/usr/local/rvm/rubies/ruby-2.4.1/lib/ruby/gems/2.4.0/gems/actionpack-5.2.1/lib/action_dispatch/middleware/debug_exceptions.rb:61:in `call'
web-console (3.7.0) lib/web_console/middleware.rb:135:in `call_app'
web-console (3.7.0) lib/web_console/middleware.rb:22:in `block in call'
web-console (3.7.0) lib/web_console/middleware.rb:20:in `catch'
web-console (3.7.0) lib/web_console/middleware.rb:20:in `call'
/usr/local/rvm/rubies/ruby-2.4.1/lib/ruby/gems/2.4.0/gems/actionpack-5.2.1/lib/action_dispatch/middleware/show_exceptions.rb:33:in `call'
/usr/local/rvm/rubies/ruby-2.4.1/lib/ruby/gems/2.4.0/gems/railties-5.2.1/lib/rails/rack/logger.rb:38:in `call_app'
/usr/local/rvm/rubies/ruby-2.4.1/lib/ruby/gems/2.4.0/gems/railties-5.2.1/lib/rails/rack/logger.rb:26:in `block in call'
/usr/local/rvm/rubies/ruby-2.4.1/lib/ruby/gems/2.4.0/gems/activesupport-5.2.1/lib/active_support/tagged_logging.rb:71:in `block in tagged'
/usr/local/rvm/rubies/ruby-2.4.1/lib/ruby/gems/2.4.0/gems/activesupport-5.2.1/lib/active_support/tagged_logging.rb:28:in `tagged'
/usr/local/rvm/rubies/ruby-2.4.1/lib/ruby/gems/2.4.0/gems/activesupport-5.2.1/lib/active_support/tagged_logging.rb:71:in `tagged'
/usr/local/rvm/rubies/ruby-2.4.1/lib/ruby/gems/2.4.0/gems/railties-5.2.1/lib/rails/rack/logger.rb:26:in `call'
/usr/local/rvm/rubies/ruby-2.4.1/lib/ruby/gems/2.4.0/gems/sprockets-rails-3.2.1/lib/sprockets/rails/quiet_assets.rb:13:in `call'
/usr/local/rvm/rubies/ruby-2.4.1/lib/ruby/gems/2.4.0/gems/actionpack-5.2.1/lib/action_dispatch/middleware/remote_ip.rb:81:in `call'
/usr/local/rvm/rubies/ruby-2.4.1/lib/ruby/gems/2.4.0/gems/actionpack-5.2.1/lib/action_dispatch/middleware/request_id.rb:27:in `call'
/usr/local/rvm/rubies/ruby-2.4.1/lib/ruby/gems/2.4.0/gems/rack-2.0.5/lib/rack/method_override.rb:22:in `call'
/usr/local/rvm/rubies/ruby-2.4.1/lib/ruby/gems/2.4.0/gems/rack-2.0.5/lib/rack/runtime.rb:22:in `call'
/usr/local/rvm/rubies/ruby-2.4.1/lib/ruby/gems/2.4.0/gems/activesupport-5.2.1/lib/active_support/cache/strategy/local_cache_middleware.rb:29:in `call'
/usr/local/rvm/rubies/ruby-2.4.1/lib/ruby/gems/2.4.0/gems/actionpack-5.2.1/lib/action_dispatch/middleware/executor.rb:14:in `call'
/usr/local/rvm/rubies/ruby-2.4.1/lib/ruby/gems/2.4.0/gems/actionpack-5.2.1/lib/action_dispatch/middleware/static.rb:127:in `call'
/usr/local/rvm/rubies/ruby-2.4.1/lib/ruby/gems/2.4.0/gems/rack-2.0.5/lib/rack/sendfile.rb:111:in `call'
/usr/local/rvm/rubies/ruby-2.4.1/lib/ruby/gems/2.4.0/gems/railties-5.2.1/lib/rails/engine.rb:524:in `call'
puma (3.12.0) lib/puma/configuration.rb:225:in `call'
puma (3.12.0) lib/puma/server.rb:658:in `handle_request'
puma (3.12.0) lib/puma/server.rb:472:in `process_client'
puma (3.12.0) lib/puma/server.rb:332:in `block in run'
puma (3.12.0) lib/puma/thread_pool.rb:133:in `block in spawn_thread'
Started GET "/" for 150.161.2.202 at 2018-11-05 23:38:30 +0000
Cannot render console from 150.161.2.202! Allowed networks: 127.0.0.1, ::1, 127.0.0.0/127.255.255.255
Processing by Rails::WelcomeController#index as HTML
  Rendering /usr/local/rvm/rubies/ruby-2.4.1/lib/ruby/gems/2.4.0/gems/railties-5.2.1/lib/rails/templates/rails/welcome/index.html.erb
  Rendered /usr/local/rvm/rubies/ruby-2.4.1/lib/ruby/gems/2.4.0/gems/railties-5.2.1/lib/rails/templates/rails/welcome/index.html.erb (1.8ms)
Completed 200 OK in 13ms (Views: 4.2ms | ActiveRecord: 0.0ms)


Started GET "/" for 150.161.2.202 at 2018-11-05 23:38:34 +0000
Cannot render console from 150.161.2.202! Allowed networks: 127.0.0.1, ::1, 127.0.0.0/127.255.255.255
Processing by Rails::WelcomeController#index as HTML
  Rendering /usr/local/rvm/rubies/ruby-2.4.1/lib/ruby/gems/2.4.0/gems/railties-5.2.1/lib/rails/templates/rails/welcome/index.html.erb
  Rendered /usr/local/rvm/rubies/ruby-2.4.1/lib/ruby/gems/2.4.0/gems/railties-5.2.1/lib/rails/templates/rails/welcome/index.html.erb (1.8ms)
Completed 200 OK in 4ms (Views: 3.1ms | ActiveRecord: 0.0ms)


